# JRE version: Java(TM) SE Runtime Environment (8.0_51-b16) (build 1.8.0_51-b16)
# Java VM: Java HotSpot(TM) 64-Bit Server VM (25.51-b03 mixed mode bsd-amd64 compressed oops)
Heap:
 PSYoungGen      total 488960K, used 80721K [0x000000076ab00000, 0x000000078c300000, 0x00000007c0000000)
  eden space 449536K, 9% used [0x000000076ab00000,0x000000076d359ec0,0x0000000786200000)
  from space 39424K, 99% used [0x0000000789000000,0x000000078b67a870,0x000000078b680000)
  to   space 47104K, 0% used [0x0000000786200000,0x0000000786200000,0x0000000789000000)
 ParOldGen       total 163328K, used 66690K [0x00000006c0000000, 0x00000006c9f80000, 0x000000076ab00000)
  object space 163328K, 40% used [0x00000006c0000000,0x00000006c4120aa0,0x00000006c9f80000)
 Metaspace       used 40086K, capacity 41754K, committed 41944K, reserved 1085440K
  class space    used 5236K, capacity 5556K, committed 5632K, reserved 1048576K
GC Heap History (10 events):
Event: 42.410 GC heap before
{Heap before GC invocations=6 (full 1):
 PSYoungGen      total 135168K, used 135146K [0x000000076ab00000, 0x0000000774000000, 0x00000007c0000000)
  eden space 124416K, 100% used [0x000000076ab00000,0x0000000772480000,0x0000000772480000)
  from space 10752K, 99% used [0x0000000773580000,0x0000000773ffaaa0,0x0000000774000000)
  to   space 10752K, 0% used [0x0000000772b00000,0x0000000772b00000,0x0000000773580000)
 ParOldGen       total 137728K, used 38815K [0x00000006c0000000, 0x00000006c8680000, 0x000000076ab00000)
  object space 137728K, 28% used [0x00000006c0000000,0x00000006c25e7c58,0x00000006c8680000)
 Metaspace       used 29351K, capacity 30772K, committed 31104K, reserved 1075200K
  class space    used 4092K, capacity 4379K, committed 4480K, reserved 1048576K
Event: 42.430 GC heap after
Heap after GC invocations=6 (full 1):
 PSYoungGen      total 141824K, used 10730K [0x000000076ab00000, 0x000000077d880000, 0x00000007c0000000)
  eden space 131072K, 0% used [0x000000076ab00000,0x000000076ab00000,0x0000000772b00000)
  from space 10752K, 99% used [0x0000000772b00000,0x000000077357aaa0,0x0000000773580000)
  to   space 37888K, 0% used [0x000000077b380000,0x000000077b380000,0x000000077d880000)
 ParOldGen       total 137728K, used 51649K [0x00000006c0000000, 0x00000006c8680000, 0x000000076ab00000)
  object space 137728K, 37% used [0x00000006c0000000,0x00000006c3270588,0x00000006c8680000)
 Metaspace       used 29351K, capacity 30772K, committed 31104K, reserved 1075200K
  class space    used 4092K, capacity 4379K, committed 4480K, reserved 1048576K
}
Event: 42.529 GC heap before
{Heap before GC invocations=7 (full 1):
 PSYoungGen      total 141824K, used 141802K [0x000000076ab00000, 0x000000077d880000, 0x00000007c0000000)
  eden space 131072K, 100% used [0x000000076ab00000,0x0000000772b00000,0x0000000772b00000)
  from space 10752K, 99% used [0x0000000772b00000,0x000000077357aaa0,0x0000000773580000)
  to   space 37888K, 0% used [0x000000077b380000,0x000000077b380000,0x000000077d880000)
 ParOldGen       total 137728K, used 51649K [0x00000006c0000000, 0x00000006c8680000, 0x000000076ab00000)
  object space 137728K, 37% used [0x00000006c0000000,0x00000006c3270588,0x00000006c8680000)
 Metaspace       used 29355K, capacity 30772K, committed 31104K, reserved 1075200K
  class space    used 4092K, capacity 4379K, committed 4480K, reserved 1048576K
Event: 42.544 GC heap after
Heap after GC invocations=7 (full 1):
 PSYoungGen      total 273920K, used 18040K [0x000000076ab00000, 0x000000077e900000, 0x00000007c0000000)
  eden space 236032K, 0% used [0x000000076ab00000,0x000000076ab00000,0x0000000779180000)
  from space 37888K, 47% used [0x000000077b380000,0x000000077c51e020,0x000000077d880000)
  to   space 34816K, 0% used [0x0000000779180000,0x0000000779180000,0x000000077b380000)
 ParOldGen       total 137728K, used 51649K [0x00000006c0000000, 0x00000006c8680000, 0x000000076ab00000)
  object space 137728K, 37% used [0x00000006c0000000,0x00000006c3270588,0x00000006c8680000)
 Metaspace       used 29355K, capacity 30772K, committed 31104K, reserved 1075200K
  class space    used 4092K, capacity 4379K, committed 4480K, reserved 1048576K
}
Event: 50.685 GC heap before
{Heap before GC invocations=8 (full 1):
 PSYoungGen      total 273920K, used 107006K [0x000000076ab00000, 0x000000077e900000, 0x00000007c0000000)
  eden space 236032K, 37% used [0x000000076ab00000,0x00000007701e1938,0x0000000779180000)
  from space 37888K, 47% used [0x000000077b380000,0x000000077c51e020,0x000000077d880000)
  to   space 34816K, 0% used [0x0000000779180000,0x0000000779180000,0x000000077b380000)
 ParOldGen       total 137728K, used 51649K [0x00000006c0000000, 0x00000006c8680000, 0x000000076ab00000)
  object space 137728K, 37% used [0x00000006c0000000,0x00000006c3270588,0x00000006c8680000)
 Metaspace       used 33812K, capacity 35324K, committed 35416K, reserved 1079296K
  class space    used 4638K, capacity 4915K, committed 4992K, reserved 1048576K
Event: 50.702 GC heap after
Heap after GC invocations=8 (full 1):
 PSYoungGen      total 270848K, used 32339K [0x000000076ab00000, 0x000000078b680000, 0x00000007c0000000)
  eden space 236032K, 0% used [0x000000076ab00000,0x000000076ab00000,0x0000000779180000)
  from space 34816K, 92% used [0x0000000779180000,0x000000077b114ea8,0x000000077b380000)
  to   space 39424K, 0% used [0x0000000789000000,0x0000000789000000,0x000000078b680000)
 ParOldGen       total 137728K, used 51657K [0x00000006c0000000, 0x00000006c8680000, 0x000000076ab00000)
  object space 137728K, 37% used [0x00000006c0000000,0x00000006c3272588,0x00000006c8680000)
 Metaspace       used 33812K, capacity 35324K, committed 35416K, reserved 1079296K
  class space    used 4638K, capacity 4915K, committed 4992K, reserved 1048576K
}
Event: 50.702 GC heap before
{Heap before GC invocations=9 (full 2):
 PSYoungGen      total 270848K, used 32339K [0x000000076ab00000, 0x000000078b680000, 0x00000007c0000000)
  eden space 236032K, 0% used [0x000000076ab00000,0x000000076ab00000,0x0000000779180000)
  from space 34816K, 92% used [0x0000000779180000,0x000000077b114ea8,0x000000077b380000)
  to   space 39424K, 0% used [0x0000000789000000,0x0000000789000000,0x000000078b680000)
 ParOldGen       total 137728K, used 51657K [0x00000006c0000000, 0x00000006c8680000, 0x000000076ab00000)
  object space 137728K, 37% used [0x00000006c0000000,0x00000006c3272588,0x00000006c8680000)
 Metaspace       used 33812K, capacity 35324K, committed 35416K, reserved 1079296K
  class space    used 4638K, capacity 4915K, committed 4992K, reserved 1048576K
Event: 50.767 GC heap after
Heap after GC invocations=9 (full 2):
 PSYoungGen      total 270848K, used 0K [0x000000076ab00000, 0x000000078b680000, 0x00000007c0000000)
  eden space 236032K, 0% used [0x000000076ab00000,0x000000076ab00000,0x0000000779180000)
  from space 34816K, 0% used [0x0000000779180000,0x0000000779180000,0x000000077b380000)
  to   space 39424K, 0% used [0x0000000789000000,0x0000000789000000,0x000000078b680000)
 ParOldGen       total 163328K, used 62555K [0x00000006c0000000, 0x00000006c9f80000, 0x000000076ab00000)
  object space 163328K, 38% used [0x00000006c0000000,0x00000006c3d16dd8,0x00000006c9f80000)
 Metaspace       used 33812K, capacity 35324K, committed 35416K, reserved 1079296K
  class space    used 4638K, capacity 4915K, committed 4992K, reserved 1048576K
}
Event: 96.828 GC heap before
{Heap before GC invocations=10 (full 2):
 PSYoungGen      total 270848K, used 236032K [0x000000076ab00000, 0x000000078b680000, 0x00000007c0000000)
  eden space 236032K, 100% used [0x000000076ab00000,0x0000000779180000,0x0000000779180000)
  from space 34816K, 0% used [0x0000000779180000,0x0000000779180000,0x000000077b380000)
  to   space 39424K, 0% used [0x0000000789000000,0x0000000789000000,0x000000078b680000)
 ParOldGen       total 163328K, used 62555K [0x00000006c0000000, 0x00000006c9f80000, 0x000000076ab00000)
  object space 163328K, 38% used [0x00000006c0000000,0x00000006c3d16dd8,0x00000006c9f80000)
 Metaspace       used 39257K, capacity 40888K, committed 41048K, reserved 1085440K
  class space    used 5118K, capacity 5421K, committed 5504K, reserved 1048576K
Event: 96.858 GC heap after
Heap after GC invocations=10 (full 2):
 PSYoungGen      total 488960K, used 39402K [0x000000076ab00000, 0x000000078c300000, 0x00000007c0000000)
  eden space 449536K, 0% used [0x000000076ab00000,0x000000076ab00000,0x0000000786200000)
  from space 39424K, 99% used [0x0000000789000000,0x000000078b67a870,0x000000078b680000)
  to   space 47104K, 0% used [0x0000000786200000,0x0000000786200000,0x0000000789000000)
 ParOldGen       total 163328K, used 66690K [0x00000006c0000000, 0x00000006c9f80000, 0x000000076ab00000)
  object space 163328K, 40% used [0x00000006c0000000,0x00000006c4120aa0,0x00000006c9f80000)
 Metaspace       used 39257K, capacity 40888K, committed 41048K, reserved 1085440K
  class space    used 5118K, capacity 5421K, committed 5504K, reserved 1048576K
}

