# JRE version: Java(TM) SE Runtime Environment (8.0_51-b16) (build 1.8.0_51-b16)
# Java VM: Java HotSpot(TM) 64-Bit Server VM (25.51-b03 mixed mode bsd-amd64 compressed oops)
Heap:
 PSYoungGen      total 482816K, used 84568K [0x000000076ab00000, 0x000000078bf00000, 0x00000007c0000000)
  eden space 441856K, 9% used [0x000000076ab00000,0x000000076d59ab38,0x0000000785a80000)
  from space 40960K, 99% used [0x0000000788980000,0x000000078b17b770,0x000000078b180000)
  to   space 48128K, 0% used [0x0000000785a80000,0x0000000785a80000,0x0000000788980000)
 ParOldGen       total 164864K, used 65117K [0x00000006c0000000, 0x00000006ca100000, 0x000000076ab00000)
  object space 164864K, 39% used [0x00000006c0000000,0x00000006c3f97640,0x00000006ca100000)
 Metaspace       used 40266K, capacity 41942K, committed 42200K, reserved 1085440K
  class space    used 5255K, capacity 5556K, committed 5632K, reserved 1048576K
GC Heap History (10 events):
Event: 52.641 GC heap before
{Heap before GC invocations=6 (full 1):
 PSYoungGen      total 134656K, used 134648K [0x000000076ab00000, 0x0000000774000000, 0x00000007c0000000)
  eden space 123904K, 100% used [0x000000076ab00000,0x0000000772400000,0x0000000772400000)
  from space 10752K, 99% used [0x0000000773580000,0x0000000773ffe020,0x0000000774000000)
  to   space 10752K, 0% used [0x0000000772b00000,0x0000000772b00000,0x0000000773580000)
 ParOldGen       total 138752K, used 38778K [0x00000006c0000000, 0x00000006c8780000, 0x000000076ab00000)
  object space 138752K, 27% used [0x00000006c0000000,0x00000006c25dea88,0x00000006c8780000)
 Metaspace       used 29390K, capacity 30772K, committed 31104K, reserved 1075200K
  class space    used 4092K, capacity 4379K, committed 4480K, reserved 1048576K
Event: 52.664 GC heap after
Heap after GC invocations=6 (full 1):
 PSYoungGen      total 141824K, used 10744K [0x000000076ab00000, 0x000000077d580000, 0x00000007c0000000)
  eden space 131072K, 0% used [0x000000076ab00000,0x000000076ab00000,0x0000000772b00000)
  from space 10752K, 99% used [0x0000000772b00000,0x000000077357e020,0x0000000773580000)
  to   space 37888K, 0% used [0x000000077b080000,0x000000077b080000,0x000000077d580000)
 ParOldGen       total 138752K, used 52129K [0x00000006c0000000, 0x00000006c8780000, 0x000000076ab00000)
  object space 138752K, 37% used [0x00000006c0000000,0x00000006c32e87b8,0x00000006c8780000)
 Metaspace       used 29390K, capacity 30772K, committed 31104K, reserved 1075200K
  class space    used 4092K, capacity 4379K, committed 4480K, reserved 1048576K
}
Event: 52.772 GC heap before
{Heap before GC invocations=7 (full 1):
 PSYoungGen      total 141824K, used 141816K [0x000000076ab00000, 0x000000077d580000, 0x00000007c0000000)
  eden space 131072K, 100% used [0x000000076ab00000,0x0000000772b00000,0x0000000772b00000)
  from space 10752K, 99% used [0x0000000772b00000,0x000000077357e020,0x0000000773580000)
  to   space 37888K, 0% used [0x000000077b080000,0x000000077b080000,0x000000077d580000)
 ParOldGen       total 138752K, used 52129K [0x00000006c0000000, 0x00000006c8780000, 0x000000076ab00000)
  object space 138752K, 37% used [0x00000006c0000000,0x00000006c32e87b8,0x00000006c8780000)
 Metaspace       used 29395K, capacity 30772K, committed 31104K, reserved 1075200K
  class space    used 4092K, capacity 4379K, committed 4480K, reserved 1048576K
Event: 52.788 GC heap after
Heap after GC invocations=7 (full 1):
 PSYoungGen      total 269824K, used 20240K [0x000000076ab00000, 0x000000077ea80000, 0x00000007c0000000)
  eden space 231936K, 0% used [0x000000076ab00000,0x000000076ab00000,0x0000000778d80000)
  from space 37888K, 53% used [0x000000077b080000,0x000000077c444030,0x000000077d580000)
  to   space 35840K, 0% used [0x0000000778d80000,0x0000000778d80000,0x000000077b080000)
 ParOldGen       total 138752K, used 52137K [0x00000006c0000000, 0x00000006c8780000, 0x000000076ab00000)
  object space 138752K, 37% used [0x00000006c0000000,0x00000006c32ea7b8,0x00000006c8780000)
 Metaspace       used 29395K, capacity 30772K, committed 31104K, reserved 1075200K
  class space    used 4092K, capacity 4379K, committed 4480K, reserved 1048576K
}
Event: 67.878 GC heap before
{Heap before GC invocations=8 (full 1):
 PSYoungGen      total 269824K, used 111139K [0x000000076ab00000, 0x000000077ea80000, 0x00000007c0000000)
  eden space 231936K, 39% used [0x000000076ab00000,0x00000007703c4ce0,0x0000000778d80000)
  from space 37888K, 53% used [0x000000077b080000,0x000000077c444030,0x000000077d580000)
  to   space 35840K, 0% used [0x0000000778d80000,0x0000000778d80000,0x000000077b080000)
 ParOldGen       total 138752K, used 52137K [0x00000006c0000000, 0x00000006c8780000, 0x000000076ab00000)
  object space 138752K, 37% used [0x00000006c0000000,0x00000006c32ea7b8,0x00000006c8780000)
 Metaspace       used 33874K, capacity 35356K, committed 35416K, reserved 1079296K
  class space    used 4646K, capacity 4947K, committed 4992K, reserved 1048576K
Event: 67.896 GC heap after
Heap after GC invocations=8 (full 1):
 PSYoungGen      total 267776K, used 34762K [0x000000076ab00000, 0x000000078b180000, 0x00000007c0000000)
  eden space 231936K, 0% used [0x000000076ab00000,0x000000076ab00000,0x0000000778d80000)
  from space 35840K, 96% used [0x0000000778d80000,0x000000077af72ad0,0x000000077b080000)
  to   space 40960K, 0% used [0x0000000788980000,0x0000000788980000,0x000000078b180000)
 ParOldGen       total 138752K, used 52145K [0x00000006c0000000, 0x00000006c8780000, 0x000000076ab00000)
  object space 138752K, 37% used [0x00000006c0000000,0x00000006c32ec7b8,0x00000006c8780000)
 Metaspace       used 33874K, capacity 35356K, committed 35416K, reserved 1079296K
  class space    used 4646K, capacity 4947K, committed 4992K, reserved 1048576K
}
Event: 67.896 GC heap before
{Heap before GC invocations=9 (full 2):
 PSYoungGen      total 267776K, used 34762K [0x000000076ab00000, 0x000000078b180000, 0x00000007c0000000)
  eden space 231936K, 0% used [0x000000076ab00000,0x000000076ab00000,0x0000000778d80000)
  from space 35840K, 96% used [0x0000000778d80000,0x000000077af72ad0,0x000000077b080000)
  to   space 40960K, 0% used [0x0000000788980000,0x0000000788980000,0x000000078b180000)
 ParOldGen       total 138752K, used 52145K [0x00000006c0000000, 0x00000006c8780000, 0x000000076ab00000)
  object space 138752K, 37% used [0x00000006c0000000,0x00000006c32ec7b8,0x00000006c8780000)
 Metaspace       used 33874K, capacity 35356K, committed 35416K, reserved 1079296K
  class space    used 4646K, capacity 4947K, committed 4992K, reserved 1048576K
Event: 67.960 GC heap after
Heap after GC invocations=9 (full 2):
 PSYoungGen      total 267776K, used 0K [0x000000076ab00000, 0x000000078b180000, 0x00000007c0000000)
  eden space 231936K, 0% used [0x000000076ab00000,0x000000076ab00000,0x0000000778d80000)
  from space 35840K, 0% used [0x0000000778d80000,0x0000000778d80000,0x000000077b080000)
  to   space 40960K, 0% used [0x0000000788980000,0x0000000788980000,0x000000078b180000)
 ParOldGen       total 164864K, used 62563K [0x00000006c0000000, 0x00000006ca100000, 0x000000076ab00000)
  object space 164864K, 37% used [0x00000006c0000000,0x00000006c3d18e68,0x00000006ca100000)
 Metaspace       used 33874K, capacity 35356K, committed 35416K, reserved 1079296K
  class space    used 4646K, capacity 4947K, committed 4992K, reserved 1048576K
}
Event: 136.729 GC heap before
{Heap before GC invocations=10 (full 2):
 PSYoungGen      total 267776K, used 231936K [0x000000076ab00000, 0x000000078b180000, 0x00000007c0000000)
  eden space 231936K, 100% used [0x000000076ab00000,0x0000000778d80000,0x0000000778d80000)
  from space 35840K, 0% used [0x0000000778d80000,0x0000000778d80000,0x000000077b080000)
  to   space 40960K, 0% used [0x0000000788980000,0x0000000788980000,0x000000078b180000)
 ParOldGen       total 164864K, used 62563K [0x00000006c0000000, 0x00000006ca100000, 0x000000076ab00000)
  object space 164864K, 37% used [0x00000006c0000000,0x00000006c3d18e68,0x00000006ca100000)
 Metaspace       used 39357K, capacity 41008K, committed 41304K, reserved 1085440K
  class space    used 5122K, capacity 5421K, committed 5504K, reserved 1048576K
Event: 136.758 GC heap after
Heap after GC invocations=10 (full 2):
 PSYoungGen      total 482816K, used 40941K [0x000000076ab00000, 0x000000078bf00000, 0x00000007c0000000)
  eden space 441856K, 0% used [0x000000076ab00000,0x000000076ab00000,0x0000000785a80000)
  from space 40960K, 99% used [0x0000000788980000,0x000000078b17b770,0x000000078b180000)
  to   space 48128K, 0% used [0x0000000785a80000,0x0000000785a80000,0x0000000788980000)
 ParOldGen       total 164864K, used 65117K [0x00000006c0000000, 0x00000006ca100000, 0x000000076ab00000)
  object space 164864K, 39% used [0x00000006c0000000,0x00000006c3f97640,0x00000006ca100000)
 Metaspace       used 39357K, capacity 41008K, committed 41304K, reserved 1085440K
  class space    used 5122K, capacity 5421K, committed 5504K, reserved 1048576K
}

